<?xml version="1.0" encoding="utf-8"?><testsuites name="pytest tests"><testsuite name="pytest" errors="0" failures="0" skipped="0" tests="27" time="9.050" timestamp="2026-04-21T16:12:51.825859+00:00" hostname="agent-env-5fef0a63-7233-465e-b655-bb94b4ec4bab"><testcase classname="backend.tests.test_api_v2.TestHealthCheck" name="test_health_check" time="0.349" /><testcase classname="backend.tests.test_api_v2.TestAuthRegister" name="test_register_new_user" time="0.354" /><testcase classname="backend.tests.test_api_v2.TestAuthRegister" name="test_register_duplicate_email" time="0.523" /><testcase classname="backend.tests.test_api_v2.TestAuthLogin" name="test_login_admin" time="0.355" /><testcase classname="backend.tests.test_api_v2.TestAuthLogin" name="test_login_invalid_credentials" time="0.335" /><testcase classname="backend.tests.test_api_v2.TestAuthLogin" name="test_login_nonexistent_user" time="0.167" /><testcase classname="backend.tests.test_api_v2.TestAuthMe" name="test_me_authenticated" time="0.396" /><testcase classname="backend.tests.test_api_v2.TestAuthMe" name="test_me_unauthenticated" time="0.130" /><testcase classname="backend.tests.test_api_v2.TestAuthLogout" name="test_logout" time="0.439" /><testcase classname="backend.tests.test_api_v2.TestProducts" name="test_get_products" time="0.161" /><testcase classname="backend.tests.test_api_v2.TestProducts" name="test_get_products_with_category_filter" time="0.163" /><testcase classname="backend.tests.test_api_v2.TestProfile" name="test_update_address_authenticated" time="0.450" /><testcase classname="backend.tests.test_api_v2.TestProfile" name="test_update_address_unauthenticated" time="0.166" /><testcase classname="backend.tests.test_api_v2.TestAdminEndpoints" name="test_admin_stats" time="0.427" /><testcase classname="backend.tests.test_api_v2.TestAdminEndpoints" name="test_admin_stats_unauthorized" time="0.218" /><testcase classname="backend.tests.test_api_v2.TestAdminEndpoints" name="test_admin_settings_get" time="0.425" /><testcase classname="backend.tests.test_api_v2.TestAdminEndpoints" name="test_admin_settings_update" time="0.502" /><testcase classname="backend.tests.test_api_v2.TestAdminEndpoints" name="test_admin_products" time="0.442" /><testcase classname="backend.tests.test_api_v2.TestAdminEndpoints" name="test_admin_orders" time="0.409" /><testcase classname="backend.tests.test_api_v2.TestAdminEndpoints" name="test_admin_users" time="0.426" /><testcase classname="backend.tests.test_api_v2.TestAdminProductUpdate" name="test_admin_update_product_endpoint_exists" time="0.453" /><testcase classname="backend.tests.test_api_v2.TestAdminAIAdGenerator" name="test_generate_ad_endpoint_exists" time="0.406" /><testcase classname="backend.tests.test_api_v2.TestAdminAIAdGenerator" name="test_generate_ad_requires_admin" time="0.155" /><testcase classname="backend.tests.test_api_v2.TestTryOnRenderEndpoint" name="test_tryon_render_endpoint_exists" time="0.389" /><testcase classname="backend.tests.test_api_v2.TestTryOnRenderEndpoint" name="test_tryon_render_requires_auth" time="0.159" /><testcase classname="backend.tests.test_api_v2.TestOrders" name="test_get_orders_authenticated" time="0.420" /><testcase classname="backend.tests.test_api_v2.TestOrders" name="test_get_orders_unauthenticated" time="0.111" /></testsuite></testsuites>