<?xml version="1.0" encoding="utf-8"?><testsuites name="pytest tests"><testsuite name="pytest" errors="0" failures="0" skipped="0" tests="23" time="7.225" timestamp="2026-04-21T16:44:43.823803+00:00" hostname="agent-env-5fef0a63-7233-465e-b655-bb94b4ec4bab"><testcase classname="backend.tests.test_api_v3.TestHealthCheck" name="test_health_check" time="0.318" /><testcase classname="backend.tests.test_api_v3.TestAuthRegression" name="test_login_admin" time="0.357" /><testcase classname="backend.tests.test_api_v3.TestAuthRegression" name="test_login_invalid_credentials" time="0.342" /><testcase classname="backend.tests.test_api_v3.TestCartEndpoints" name="test_get_cart_empty" time="0.569" /><testcase classname="backend.tests.test_api_v3.TestCartEndpoints" name="test_get_cart_unauthenticated" time="0.114" /><testcase classname="backend.tests.test_api_v3.TestCartEndpoints" name="test_add_to_cart_nonexistent_product" time="0.448" /><testcase classname="backend.tests.test_api_v3.TestCartEndpoints" name="test_add_to_cart_unauthenticated" time="0.114" /><testcase classname="backend.tests.test_api_v3.TestCartEndpoints" name="test_remove_from_cart_nonexistent_item" time="0.388" /><testcase classname="backend.tests.test_api_v3.TestCartEndpoints" name="test_clear_cart" time="0.431" /><testcase classname="backend.tests.test_api_v3.TestCartEndpoints" name="test_clear_cart_unauthenticated" time="0.154" /><testcase classname="backend.tests.test_api_v3.TestCheckoutEndpoints" name="test_checkout_create_empty_cart" time="0.516" /><testcase classname="backend.tests.test_api_v3.TestCheckoutEndpoints" name="test_checkout_create_unauthenticated" time="0.101" /><testcase classname="backend.tests.test_api_v3.TestCheckoutEndpoints" name="test_checkout_status_unauthenticated" time="0.121" /><testcase classname="backend.tests.test_api_v3.TestStripeWebhook" name="test_webhook_endpoint_exists" time="0.161" /><testcase classname="backend.tests.test_api_v3.TestAdminDeleteProduct" name="test_delete_product_nonexistent" time="0.431" /><testcase classname="backend.tests.test_api_v3.TestAdminDeleteProduct" name="test_delete_product_unauthenticated" time="0.107" /><testcase classname="backend.tests.test_api_v3.TestAdminDeleteProduct" name="test_delete_product_non_admin" time="0.372" /><testcase classname="backend.tests.test_api_v3.TestProductsRegression" name="test_get_products" time="0.135" /><testcase classname="backend.tests.test_api_v3.TestAdminRegression" name="test_admin_stats" time="0.384" /><testcase classname="backend.tests.test_api_v3.TestAdminRegression" name="test_admin_products" time="0.410" /><testcase classname="backend.tests.test_api_v3.TestAdminRegression" name="test_admin_orders" time="0.383" /><testcase classname="backend.tests.test_api_v3.TestOrdersRegression" name="test_get_orders_authenticated" time="0.381" /><testcase classname="backend.tests.test_api_v3.TestProfileRegression" name="test_get_profile_authenticated" time="0.383" /></testsuite></testsuites>