<?xml version="1.0" encoding="utf-8"?><testsuites name="pytest tests"><testsuite name="pytest" errors="0" failures="0" skipped="0" tests="22" time="7.019" timestamp="2026-04-17T01:22:09.657978+00:00" hostname="agent-env-5fef0a63-7233-465e-b655-bb94b4ec4bab"><testcase classname="tests.test_api.TestHealthCheck" name="test_health_check" time="0.217" /><testcase classname="tests.test_api.TestAuthRegister" name="test_register_new_user" time="0.340" /><testcase classname="tests.test_api.TestAuthRegister" name="test_register_duplicate_email" time="0.468" /><testcase classname="tests.test_api.TestAuthLogin" name="test_login_admin" time="0.371" /><testcase classname="tests.test_api.TestAuthLogin" name="test_login_invalid_credentials" time="0.359" /><testcase classname="tests.test_api.TestAuthLogin" name="test_login_nonexistent_user" time="0.157" /><testcase classname="tests.test_api.TestAuthMe" name="test_me_authenticated" time="0.414" /><testcase classname="tests.test_api.TestAuthMe" name="test_me_unauthenticated" time="0.102" /><testcase classname="tests.test_api.TestAuthLogout" name="test_logout" time="0.436" /><testcase classname="tests.test_api.TestProducts" name="test_get_products" time="0.109" /><testcase classname="tests.test_api.TestProducts" name="test_get_products_with_category_filter" time="0.170" /><testcase classname="tests.test_api.TestProfile" name="test_update_address_authenticated" time="0.464" /><testcase classname="tests.test_api.TestProfile" name="test_update_address_unauthenticated" time="0.140" /><testcase classname="tests.test_api.TestAdminEndpoints" name="test_admin_stats" time="0.394" /><testcase classname="tests.test_api.TestAdminEndpoints" name="test_admin_stats_unauthorized" time="0.146" /><testcase classname="tests.test_api.TestAdminEndpoints" name="test_admin_settings_get" time="0.395" /><testcase classname="tests.test_api.TestAdminEndpoints" name="test_admin_settings_update" time="0.452" /><testcase classname="tests.test_api.TestAdminEndpoints" name="test_admin_products" time="0.410" /><testcase classname="tests.test_api.TestAdminEndpoints" name="test_admin_orders" time="0.458" /><testcase classname="tests.test_api.TestAdminEndpoints" name="test_admin_users" time="0.405" /><testcase classname="tests.test_api.TestOrders" name="test_get_orders_authenticated" time="0.395" /><testcase classname="tests.test_api.TestOrders" name="test_get_orders_unauthenticated" time="0.115" /></testsuite></testsuites>